<?xml version="1.0" encoding="UTF-8"?>
<testng-results ignored="0" total="2" passed="2" failed="0" skipped="0">
  <reporter-output>
  </reporter-output>
  <suite started-at="2022-01-19T07:22:35Z" name="nopCommerce" finished-at="2022-01-19T07:23:26Z" duration-ms="51830">
    <groups>
      <group name="regression">
        <method signature="TC_AddCustomerTest_003.addNewCustomer()[pri:0, instance:com.nopcommerce.testCases.TC_AddCustomerTest_003@6ae5aa72]" name="addNewCustomer" class="com.nopcommerce.testCases.TC_AddCustomerTest_003"/>
      </group> <!-- regression -->
      <group name="sanity">
        <method signature="TC_LoginTest_001.loginTest()[pri:0, instance:com.nopcommerce.testCases.TC_LoginTest_001@6c64cb25]" name="loginTest" class="com.nopcommerce.testCases.TC_LoginTest_001"/>
      </group> <!-- sanity -->
    </groups>
    <test started-at="2022-01-19T07:22:35Z" name="nopCommerce Test1" finished-at="2022-01-19T07:23:26Z" duration-ms="51830">
      <class name="com.nopcommerce.testCases.TC_LoginTest_001">
        <test-method is-config="true" signature="setup(java.lang.String)[pri:0, instance:com.nopcommerce.testCases.TC_LoginTest_001@6c64cb25]" started-at="2022-01-19T07:22:35Z" name="setup" finished-at="2022-01-19T07:22:37Z" duration-ms="2214" status="PASS">
          <params>
            <param index="0">
              <value>
                <![CDATA[chrome]]>
              </value>
            </param>
          </params>
          <reporter-output>
          </reporter-output>
        </test-method> <!-- setup -->
        <test-method signature="loginTest()[pri:0, instance:com.nopcommerce.testCases.TC_LoginTest_001@6c64cb25]" started-at="2022-01-19T07:22:37Z" name="loginTest" finished-at="2022-01-19T07:23:01Z" duration-ms="23576" status="PASS">
          <reporter-output>
          </reporter-output>
        </test-method> <!-- loginTest -->
        <test-method is-config="true" signature="tearDown()[pri:0, instance:com.nopcommerce.testCases.TC_LoginTest_001@6c64cb25]" started-at="2022-01-19T07:23:01Z" name="tearDown" finished-at="2022-01-19T07:23:01Z" duration-ms="601" status="PASS">
          <reporter-output>
          </reporter-output>
        </test-method> <!-- tearDown -->
        <test-method is-config="true" signature="tearDown()[pri:0, instance:com.nopcommerce.testCases.TC_LoginTest_001@6c64cb25]" started-at="2022-01-19T07:23:01Z" name="tearDown" finished-at="2022-01-19T07:23:01Z" duration-ms="0" status="PASS">
          <reporter-output>
          </reporter-output>
        </test-method> <!-- tearDown -->
      </class> <!-- com.nopcommerce.testCases.TC_LoginTest_001 -->
      <class name="com.nopcommerce.testCases.TC_AddCustomerTest_003">
        <test-method is-config="true" signature="setup(java.lang.String)[pri:0, instance:com.nopcommerce.testCases.TC_AddCustomerTest_003@6ae5aa72]" started-at="2022-01-19T07:23:01Z" name="setup" finished-at="2022-01-19T07:23:03Z" duration-ms="1519" status="PASS">
          <params>
            <param index="0">
              <value>
                <![CDATA[chrome]]>
              </value>
            </param>
          </params>
          <reporter-output>
          </reporter-output>
        </test-method> <!-- setup -->
        <test-method signature="addNewCustomer()[pri:0, instance:com.nopcommerce.testCases.TC_AddCustomerTest_003@6ae5aa72]" started-at="2022-01-19T07:23:03Z" name="addNewCustomer" finished-at="2022-01-19T07:23:26Z" duration-ms="23037" status="PASS">
          <reporter-output>
          </reporter-output>
        </test-method> <!-- addNewCustomer -->
        <test-method is-config="true" signature="tearDown()[pri:0, instance:com.nopcommerce.testCases.TC_AddCustomerTest_003@6ae5aa72]" started-at="2022-01-19T07:23:26Z" name="tearDown" finished-at="2022-01-19T07:23:26Z" duration-ms="620" status="PASS">
          <reporter-output>
          </reporter-output>
        </test-method> <!-- tearDown -->
        <test-method is-config="true" signature="tearDown()[pri:0, instance:com.nopcommerce.testCases.TC_AddCustomerTest_003@6ae5aa72]" started-at="2022-01-19T07:23:26Z" name="tearDown" finished-at="2022-01-19T07:23:26Z" duration-ms="0" status="PASS">
          <reporter-output>
          </reporter-output>
        </test-method> <!-- tearDown -->
      </class> <!-- com.nopcommerce.testCases.TC_AddCustomerTest_003 -->
    </test> <!-- nopCommerce Test1 -->
  </suite> <!-- nopCommerce -->
</testng-results>
