<?xml version="1.0" encoding="UTF-8"?>
<!-- Generated by org.testng.reporters.JUnitXMLReporter -->
<testsuite ignored="0" hostname="SumitPc" failures="0" tests="2" name="nopCommerce Test1" time="51.83" errors="0" timestamp="19 Jan 2022 07:23:26 GMT">
  <testcase classname="com.nopcommerce.testCases.TC_LoginTest_001" name="loginTest" time="23.576"/>
  <testcase classname="com.nopcommerce.testCases.TC_AddCustomerTest_003" name="addNewCustomer" time="23.037"/>
</testsuite> <!-- nopCommerce Test1 -->
