<?xml version="1.0" encoding="UTF-8"?>
<testng-results ignored="0" total="1" passed="1" failed="0" skipped="0">
  <reporter-output>
  </reporter-output>
  <suite started-at="2022-01-19T06:53:06Z" name="nopCommerce" finished-at="2022-01-19T06:53:32Z" duration-ms="25695">
    <groups>
      <group name="regression">
        <method signature="TC_AddCustomerTest_003.addNewCustomer()[pri:0, instance:com.nopcommerce.testCases.TC_AddCustomerTest_003@1018bde2]" name="addNewCustomer" class="com.nopcommerce.testCases.TC_AddCustomerTest_003"/>
      </group> <!-- regression -->
    </groups>
    <test started-at="2022-01-19T06:53:06Z" name="nopCommerce Test1" finished-at="2022-01-19T06:53:32Z" duration-ms="25695">
      <class name="com.nopcommerce.testCases.TC_AddCustomerTest_003">
        <test-method is-config="true" signature="setup(java.lang.String)[pri:0, instance:com.nopcommerce.testCases.TC_AddCustomerTest_003@1018bde2]" started-at="2022-01-19T06:53:07Z" name="setup" finished-at="2022-01-19T06:53:08Z" duration-ms="1909" status="PASS">
          <params>
            <param index="0">
              <value>
                <![CDATA[chrome]]>
              </value>
            </param>
          </params>
          <reporter-output>
          </reporter-output>
        </test-method> <!-- setup -->
        <test-method signature="addNewCustomer()[pri:0, instance:com.nopcommerce.testCases.TC_AddCustomerTest_003@1018bde2]" started-at="2022-01-19T06:53:08Z" name="addNewCustomer" finished-at="2022-01-19T06:53:31Z" duration-ms="22772" status="PASS">
          <reporter-output>
          </reporter-output>
        </test-method> <!-- addNewCustomer -->
        <test-method is-config="true" signature="tearDown()[pri:0, instance:com.nopcommerce.testCases.TC_AddCustomerTest_003@1018bde2]" started-at="2022-01-19T06:53:31Z" name="tearDown" finished-at="2022-01-19T06:53:32Z" duration-ms="712" status="PASS">
          <reporter-output>
          </reporter-output>
        </test-method> <!-- tearDown -->
        <test-method is-config="true" signature="tearDown()[pri:0, instance:com.nopcommerce.testCases.TC_AddCustomerTest_003@1018bde2]" started-at="2022-01-19T06:53:32Z" name="tearDown" finished-at="2022-01-19T06:53:32Z" duration-ms="0" status="PASS">
          <reporter-output>
          </reporter-output>
        </test-method> <!-- tearDown -->
      </class> <!-- com.nopcommerce.testCases.TC_AddCustomerTest_003 -->
    </test> <!-- nopCommerce Test1 -->
  </suite> <!-- nopCommerce -->
</testng-results>
